<?xml version="1.0" encoding="UTF-8"?>
<!-- Generated by org.testng.reporters.JUnitReportReporter -->
<testsuite skipped="0" hostname="Clovers-MBP.fritz.box" name="testcases.AddVisitorTest" tests="1" failures="0" timestamp="2021-02-14T14:47:29 NZDT" time="11.585" errors="0">
  <testcase name="addVisitor" time="11.585" classname="testcases.AddVisitorTest"/>
  <system-out/>
</testsuite> <!-- testcases.AddVisitorTest -->
