<?xml version="1.0" encoding="UTF-8"?>
<!-- Generated by org.testng.reporters.JUnitReportReporter -->
<testsuite skipped="0" hostname="Clovers-MBP.fritz.box" name="testcases.LoginTest" tests="1" failures="0" timestamp="2021-02-13T19:20:25 NZDT" time="0.699" errors="0">
  <testcase name="testLogin" time="0.699" classname="testcases.LoginTest"/>
  <system-out/>
</testsuite> <!-- testcases.LoginTest -->
