<?xml version="1.0" encoding="UTF-8"?>
<!-- Generated by org.testng.reporters.JUnitReportReporter -->
<testsuite skipped="0" hostname="Clovers-MBP.fritz.box" name="testcases.AddEmployeeTest" tests="1" failures="0" timestamp="2021-02-15T08:21:37 NZDT" time="12.437" errors="0">
  <testcase name="addEmployeeTest" time="12.437" classname="testcases.AddEmployeeTest"/>
  <system-out/>
</testsuite> <!-- testcases.AddEmployeeTest -->
