<?xml version="1.0" encoding="UTF-8"?>
<!-- Generated by org.testng.reporters.JUnitReportReporter -->
<testsuite skipped="0" hostname="Clovers-MBP.fritz.box" name="base.BaseTest" tests="1" failures="0" timestamp="2021-02-12T21:05:42 NZDT" time="8.053" errors="0">
  <testcase name="initBrowser" time="8.053" classname="base.BaseTest"/>
  <system-out/>
</testsuite> <!-- base.BaseTest -->
