<?xml version="1.0" encoding="UTF-8"?>
<!-- Generated by org.testng.reporters.JUnitReportReporter -->
<testsuite skipped="0" hostname="Clovers-MBP.fritz.box" name="pom.testcases.AddEmployeeTest" tests="1" failures="0" timestamp="2021-02-15T23:12:02 NZDT" time="13.446" errors="0">
  <testcase name="addEmployeeTest" time="13.446" classname="pom.testcases.AddEmployeeTest"/>
  <system-out/>
</testsuite> <!-- pom.testcases.AddEmployeeTest -->
